2025-06-06 16:40:11.116 [info] [main] Log level: Info
2025-06-06 16:40:11.116 [info] [main] Validating found git in: "git"
2025-06-06 16:40:11.116 [info] [main] Using git "2.49.0" from "git"
2025-06-06 16:40:11.116 [info] [Model][doInitialScan] Initial repository scan started
2025-06-06 16:40:11.116 [info] > git rev-parse --show-toplevel [10ms]
2025-06-06 16:40:11.116 [info] > git rev-parse --git-dir --git-common-dir [3ms]
2025-06-06 16:40:11.116 [info] [Model][openRepository] Opened repository (path): /home/alecjtaylor/git/arch_config
2025-06-06 16:40:11.116 [info] [Model][openRepository] Opened repository (real path): /home/alecjtaylor/git/arch_config
2025-06-06 16:40:11.144 [info] > git rev-parse --show-toplevel [14ms]
2025-06-06 16:40:11.145 [info] > git config --get commit.template [21ms]
2025-06-06 16:40:11.175 [info] > git rev-parse --show-toplevel [23ms]
2025-06-06 16:40:11.184 [info] > git for-each-ref --format=%(refname)%00%(upstream:short)%00%(objectname)%00%(upstream:track)%00%(upstream:remotename)%00%(upstream:remoteref) refs/heads/main refs/remotes/main [17ms]
2025-06-06 16:40:11.187 [info] > git rev-parse --show-toplevel [4ms]
2025-06-06 16:40:11.212 [info] > git rev-parse --show-toplevel [19ms]
2025-06-06 16:40:11.213 [info] [Model][doInitialScan] Initial repository scan completed - repositories (1), closed repositories (0), parent repositories (0), unsafe repositories (0)
2025-06-06 16:40:11.214 [info] > git for-each-ref --sort -committerdate --format %(refname)%00%(objectname)%00%(*objectname) [4ms]
2025-06-06 16:40:11.601 [info] > git show --textconv :setuptidy.sh [9ms]
2025-06-06 16:40:11.605 [info] > git ls-files --stage -- setuptidy.sh [6ms]
2025-06-06 16:40:11.640 [info] > git check-ignore -v -z --stdin [22ms]
2025-06-06 16:40:11.641 [info] > git cat-file -s a35e2cc079c7ce300ea8f5e2817bc0da7ea658bf [30ms]
2025-06-06 16:40:11.701 [info] > git blame --root --incremental 9645559d4e3a30d6816327ced2d3fa8aec5b25f2 -- setuptidy.sh [8ms]
2025-06-06 16:40:11.759 [info] > git status -z -uall [558ms]
2025-06-06 16:40:11.837 [info] > git for-each-ref --format=%(refname)%00%(upstream:short)%00%(objectname)%00%(upstream:track)%00%(upstream:remotename)%00%(upstream:remoteref) refs/heads/main refs/remotes/main [31ms]
2025-06-06 16:40:11.853 [info] > git config --get --local branch.main.vscode-merge-base [7ms]
2025-06-06 16:40:11.863 [info] > git config --get commit.template [33ms]
2025-06-06 16:40:11.876 [info] > git for-each-ref --format=%(refname)%00%(upstream:short)%00%(objectname)%00%(upstream:track)%00%(upstream:remotename)%00%(upstream:remoteref) refs/heads/origin/main refs/remotes/origin/main [14ms]
2025-06-06 16:40:12.049 [info] > git merge-base refs/heads/main refs/remotes/origin/main [163ms]
2025-06-06 16:40:12.120 [info] > git diff --name-status -z --diff-filter=ADMR 9645559d4e3a30d6816327ced2d3fa8aec5b25f2...refs/remotes/origin/main [63ms]
2025-06-06 16:40:12.121 [info] > git for-each-ref --format=%(refname)%00%(upstream:short)%00%(objectname)%00%(upstream:track)%00%(upstream:remotename)%00%(upstream:remoteref) refs/heads/main refs/remotes/main [73ms]
2025-06-06 16:40:12.154 [info] > git for-each-ref --sort -committerdate --format %(refname)%00%(objectname)%00%(*objectname) [4ms]
2025-06-06 16:40:12.586 [info] > git status -z -uall [443ms]
2025-06-06 16:40:13.897 [info] > git config --get commit.template [5ms]
2025-06-06 16:40:13.913 [info] > git for-each-ref --format=%(refname)%00%(upstream:short)%00%(objectname)%00%(upstream:track)%00%(upstream:remotename)%00%(upstream:remoteref) refs/heads/main refs/remotes/main [4ms]
2025-06-06 16:40:13.944 [info] > git for-each-ref --sort -committerdate --format %(refname)%00%(objectname)%00%(*objectname) [4ms]
2025-06-06 16:40:14.480 [info] > git status -z -uall [552ms]
2025-06-06 16:40:14.727 [info] > git log --format=%H%n%aN%n%aE%n%at%n%ct%n%P%n%D%n%B -z --shortstat --diff-merges=first-parent -n50 --skip=0 --topo-order --decorate=full --stdin [595ms]
2025-06-06 16:40:14.887 [info] > git check-ignore -v -z --stdin [4ms]
2025-06-06 16:40:19.519 [info] > git config --get commit.template [9ms]
2025-06-06 16:40:19.521 [info] > git for-each-ref --format=%(refname)%00%(upstream:short)%00%(objectname)%00%(upstream:track)%00%(upstream:remotename)%00%(upstream:remoteref) refs/heads/main refs/remotes/main [2ms]
2025-06-06 16:40:19.537 [info] > git for-each-ref --sort -committerdate --format %(refname)%00%(objectname)%00%(*objectname) [2ms]
2025-06-06 16:40:19.974 [info] > git status -z -uall [446ms]
2025-06-06 16:40:20.023 [info] > git check-ignore -v -z --stdin [4ms]
2025-06-06 16:40:22.987 [info] > git check-ignore -v -z --stdin [11ms]
2025-06-06 16:40:24.073 [info] > git check-ignore -v -z --stdin [4ms]
2025-06-06 16:40:25.031 [info] > git config --get commit.template [18ms]
2025-06-06 16:40:25.034 [info] > git for-each-ref --format=%(refname)%00%(upstream:short)%00%(objectname)%00%(upstream:track)%00%(upstream:remotename)%00%(upstream:remoteref) refs/heads/main refs/remotes/main [5ms]
2025-06-06 16:40:25.071 [info] > git for-each-ref --sort -committerdate --format %(refname)%00%(objectname)%00%(*objectname) [5ms]
2025-06-06 16:40:25.559 [info] > git status -z -uall [509ms]
2025-06-06 16:40:30.610 [info] > git config --get commit.template [19ms]
2025-06-06 16:40:30.613 [info] > git for-each-ref --format=%(refname)%00%(upstream:short)%00%(objectname)%00%(upstream:track)%00%(upstream:remotename)%00%(upstream:remoteref) refs/heads/main refs/remotes/main [6ms]
2025-06-06 16:40:30.651 [info] > git for-each-ref --sort -committerdate --format %(refname)%00%(objectname)%00%(*objectname) [5ms]
2025-06-06 16:40:31.143 [info] > git status -z -uall [515ms]
2025-06-06 16:40:36.425 [info] > git add -A -- . [677ms]
2025-06-06 16:40:36.453 [info] > git -c user.useConfigOnly=true commit --quiet --allow-empty-message --file - [21ms]
2025-06-06 16:40:36.461 [info] > git config --get commit.template [2ms]
2025-06-06 16:40:36.471 [info] > git config --get commit.template [2ms]
2025-06-06 16:40:36.479 [info] > git for-each-ref --format=%(refname)%00%(upstream:short)%00%(objectname)%00%(upstream:track)%00%(upstream:remotename)%00%(upstream:remoteref) refs/heads/main refs/remotes/main [2ms]
2025-06-06 16:40:36.497 [info] > git for-each-ref --sort -committerdate --format %(refname)%00%(objectname)%00%(*objectname) [2ms]
2025-06-06 16:40:36.499 [info] > git status -z -uall [12ms]
2025-06-06 16:40:36.540 [info] > git merge-base refs/heads/main refs/remotes/origin/main [14ms]
2025-06-06 16:40:36.546 [info] > git blame --root --incremental c68c23ffda1c58c9bb110692fde61f9d37a6ecd3 -- setuptidy.sh [31ms]
2025-06-06 16:40:36.550 [info] > git diff --name-status -z --diff-filter=ADMR 9645559d4e3a30d6816327ced2d3fa8aec5b25f2...refs/remotes/origin/main [4ms]
2025-06-06 16:40:36.551 [info] > git config --get commit.template [12ms]
2025-06-06 16:40:36.561 [info] > git for-each-ref --format=%(refname)%00%(upstream:short)%00%(objectname)%00%(upstream:track)%00%(upstream:remotename)%00%(upstream:remoteref) refs/heads/main refs/remotes/main [2ms]
2025-06-06 16:40:36.587 [info] > git status -z -uall [17ms]
2025-06-06 16:40:36.588 [info] > git for-each-ref --sort -committerdate --format %(refname)%00%(objectname)%00%(*objectname) [12ms]
2025-06-06 16:40:36.633 [info] > git config --get commit.template [8ms]
2025-06-06 16:40:36.635 [info] > git for-each-ref --format=%(refname)%00%(upstream:short)%00%(objectname)%00%(upstream:track)%00%(upstream:remotename)%00%(upstream:remoteref) refs/heads/main refs/remotes/main [3ms]
2025-06-06 16:40:36.654 [info] > git for-each-ref --sort -committerdate --format %(refname)%00%(objectname)%00%(*objectname) [2ms]
2025-06-06 16:40:36.657 [info] > git status -z -uall [15ms]
2025-06-06 16:40:37.300 [info] > git check-ignore -v -z --stdin [3ms]
2025-06-06 16:40:37.303 [info] > git log --format=%H%n%aN%n%aE%n%at%n%ct%n%P%n%D%n%B -z --shortstat --diff-merges=first-parent -n50 --skip=0 --topo-order --decorate=full --stdin [718ms]
2025-06-06 16:40:37.922 [info] > git ls-files --stage -- setuptidy.sh [4ms]
2025-06-06 16:40:37.940 [info] > git cat-file -s a35e2cc079c7ce300ea8f5e2817bc0da7ea658bf [4ms]
2025-06-06 16:40:37.963 [info] > git show --textconv :setuptidy.sh [5ms]
