2025-06-04 10:28:06.499 [info] ComputeTargetPlatform: linux-x64
2025-06-04 10:28:41.468 [info] ComputeTargetPlatform: linux-x64
2025-06-04 10:32:13.914 [info] Getting Manifest... ms-python.python
2025-06-04 10:32:14.418 [info] Installing extension: ms-python.python {"isMachineScoped":false,"installPreReleaseVersion":false,"pinned":false,"profileLocation":{"$mid":1,"external":"vscode-userdata:/home/alecjtaylor/.vscode-oss/extensions/extensions.json","path":"/home/alecjtaylor/.vscode-oss/extensions/extensions.json","scheme":"vscode-userdata"},"isApplicationScoped":false,"productVersion":{"version":"1.100.2","date":"2025-05-21T09:36:24.436Z"}}
2025-06-04 10:32:14.574 [info] Getting Manifest... ms-python.debugpy
2025-06-04 10:32:14.806 [info] Installing extension: ms-python.debugpy {"isMachineScoped":false,"installPreReleaseVersion":false,"pinned":false,"profileLocation":{"$mid":1,"external":"vscode-userdata:/home/alecjtaylor/.vscode-oss/extensions/extensions.json","path":"/home/alecjtaylor/.vscode-oss/extensions/extensions.json","scheme":"vscode-userdata"},"isApplicationScoped":false,"productVersion":{"version":"1.100.2","date":"2025-05-21T09:36:24.436Z"},"installGivenVersion":false,"context":{"dependecyOrPackExtensionInstall":true}}
2025-06-04 10:32:17.101 [info] Extension signature verification result for ms-python.python: UnhandledException. Internal Code: 6. Executed: true. Duration: 758ms.
2025-06-04 10:32:17.107 [error] Error while installing the extension ms-python.python Signature verification failed with 'UnhandledException' error. vscode-userdata:/home/alecjtaylor/.vscode-oss/extensions/extensions.json
2025-06-04 10:32:17.108 [error] [uncaught exception in sharedProcess]: Signature verification failed with 'UnhandledException' error.: SignatureVerificationInternal: Signature verification failed with 'UnhandledException' error.
    at yh.xb (file:///usr/lib/code/out/vs/code/electron-utility/sharedProcess/sharedProcessMain.js:74:64415)
    at async yh.wb (file:///usr/lib/code/out/vs/code/electron-utility/sharedProcess/sharedProcessMain.js:74:62886)
2025-06-04 10:32:17.171 [info] Extension signature verification result for ms-python.debugpy: UnhandledException. Internal Code: 6. Executed: true. Duration: 610ms.
2025-06-04 10:32:17.175 [error] Error while installing the extension ms-python.debugpy Signature verification failed with 'UnhandledException' error. vscode-userdata:/home/alecjtaylor/.vscode-oss/extensions/extensions.json
2025-06-04 10:32:17.176 [error] [uncaught exception in sharedProcess]: Signature verification failed with 'UnhandledException' error.: SignatureVerificationInternal: Signature verification failed with 'UnhandledException' error.
    at yh.xb (file:///usr/lib/code/out/vs/code/electron-utility/sharedProcess/sharedProcessMain.js:74:64415)
    at async yh.wb (file:///usr/lib/code/out/vs/code/electron-utility/sharedProcess/sharedProcessMain.js:74:62886)
2025-06-04 10:32:22.476 [info] Getting Manifest... ms-python.python
2025-06-04 10:32:22.626 [info] Installing extension: ms-python.python {"isMachineScoped":false,"installPreReleaseVersion":false,"pinned":false,"donotVerifySignature":true,"profileLocation":{"$mid":1,"external":"vscode-userdata:/home/alecjtaylor/.vscode-oss/extensions/extensions.json","path":"/home/alecjtaylor/.vscode-oss/extensions/extensions.json","scheme":"vscode-userdata"},"isApplicationScoped":false,"productVersion":{"version":"1.100.2","date":"2025-05-21T09:36:24.436Z"}}
2025-06-04 10:32:22.872 [info] Getting Manifest... ms-python.debugpy
2025-06-04 10:32:23.192 [info] Installing extension: ms-python.debugpy {"isMachineScoped":false,"installPreReleaseVersion":false,"pinned":false,"donotVerifySignature":true,"profileLocation":{"$mid":1,"external":"vscode-userdata:/home/alecjtaylor/.vscode-oss/extensions/extensions.json","path":"/home/alecjtaylor/.vscode-oss/extensions/extensions.json","scheme":"vscode-userdata"},"isApplicationScoped":false,"productVersion":{"version":"1.100.2","date":"2025-05-21T09:36:24.436Z"},"installGivenVersion":false,"context":{"dependecyOrPackExtensionInstall":true}}
2025-06-04 10:32:27.624 [info] Extracted extension to file:///home/alecjtaylor/.vscode-oss/extensions/ms-python.debugpy-2025.6.0-linux-x64: ms-python.debugpy
2025-06-04 10:32:27.651 [info] Renamed to /home/alecjtaylor/.vscode-oss/extensions/ms-python.debugpy-2025.6.0-linux-x64
2025-06-04 10:32:28.975 [info] Extracted extension to file:///home/alecjtaylor/.vscode-oss/extensions/ms-python.python-2025.4.0-universal: ms-python.python
2025-06-04 10:32:29.102 [info] Renamed to /home/alecjtaylor/.vscode-oss/extensions/ms-python.python-2025.4.0-universal
2025-06-04 10:32:29.135 [info] Extension installed successfully: ms-python.debugpy vscode-userdata:/home/alecjtaylor/.vscode-oss/extensions/extensions.json
2025-06-04 10:32:29.135 [info] Extension installed successfully: ms-python.python vscode-userdata:/home/alecjtaylor/.vscode-oss/extensions/extensions.json
2025-06-04 10:33:10.539 [info] Getting Manifest... mads-hartmann.bash-ide-vscode
2025-06-04 10:33:10.695 [info] Installing extension: mads-hartmann.bash-ide-vscode {"isMachineScoped":false,"installPreReleaseVersion":false,"pinned":false,"profileLocation":{"$mid":1,"external":"vscode-userdata:/home/alecjtaylor/.vscode-oss/extensions/extensions.json","path":"/home/alecjtaylor/.vscode-oss/extensions/extensions.json","scheme":"vscode-userdata"},"isApplicationScoped":false,"productVersion":{"version":"1.100.2","date":"2025-05-21T09:36:24.436Z"}}
2025-06-04 10:33:12.318 [info] Extension signature verification result for mads-hartmann.bash-ide-vscode: UnhandledException. Internal Code: 6. Executed: true. Duration: 634ms.
2025-06-04 10:33:12.323 [error] Error while installing the extension mads-hartmann.bash-ide-vscode Signature verification failed with 'UnhandledException' error. vscode-userdata:/home/alecjtaylor/.vscode-oss/extensions/extensions.json
2025-06-04 10:33:12.325 [error] [uncaught exception in sharedProcess]: Signature verification failed with 'UnhandledException' error.: SignatureVerificationInternal: Signature verification failed with 'UnhandledException' error.
    at yh.xb (file:///usr/lib/code/out/vs/code/electron-utility/sharedProcess/sharedProcessMain.js:74:64415)
    at async yh.wb (file:///usr/lib/code/out/vs/code/electron-utility/sharedProcess/sharedProcessMain.js:74:62886)
2025-06-04 10:33:14.771 [info] Getting Manifest... mads-hartmann.bash-ide-vscode
2025-06-04 10:33:14.957 [info] Installing extension: mads-hartmann.bash-ide-vscode {"isMachineScoped":false,"installPreReleaseVersion":false,"pinned":false,"donotVerifySignature":true,"profileLocation":{"$mid":1,"external":"vscode-userdata:/home/alecjtaylor/.vscode-oss/extensions/extensions.json","path":"/home/alecjtaylor/.vscode-oss/extensions/extensions.json","scheme":"vscode-userdata"},"isApplicationScoped":false,"productVersion":{"version":"1.100.2","date":"2025-05-21T09:36:24.436Z"}}
2025-06-04 10:33:18.319 [info] Extracted extension to file:///home/alecjtaylor/.vscode-oss/extensions/mads-hartmann.bash-ide-vscode-1.43.0-universal: mads-hartmann.bash-ide-vscode
2025-06-04 10:33:18.370 [info] Renamed to /home/alecjtaylor/.vscode-oss/extensions/mads-hartmann.bash-ide-vscode-1.43.0-universal
2025-06-04 10:33:18.393 [info] Extension installed successfully: mads-hartmann.bash-ide-vscode vscode-userdata:/home/alecjtaylor/.vscode-oss/extensions/extensions.json
2025-06-04 10:33:34.680 [info] Getting Manifest... mhutchie.git-graph
2025-06-04 10:33:35.004 [info] Installing extension: mhutchie.git-graph {"isMachineScoped":false,"installPreReleaseVersion":false,"pinned":false,"profileLocation":{"$mid":1,"external":"vscode-userdata:/home/alecjtaylor/.vscode-oss/extensions/extensions.json","path":"/home/alecjtaylor/.vscode-oss/extensions/extensions.json","scheme":"vscode-userdata"},"isApplicationScoped":false,"productVersion":{"version":"1.100.2","date":"2025-05-21T09:36:24.436Z"}}
2025-06-04 10:33:36.382 [info] Extension signature verification result for mhutchie.git-graph: UnhandledException. Internal Code: 6. Executed: true. Duration: 529ms.
2025-06-04 10:33:36.385 [error] Error while installing the extension mhutchie.git-graph Signature verification failed with 'UnhandledException' error. vscode-userdata:/home/alecjtaylor/.vscode-oss/extensions/extensions.json
2025-06-04 10:33:36.386 [error] [uncaught exception in sharedProcess]: Signature verification failed with 'UnhandledException' error.: SignatureVerificationInternal: Signature verification failed with 'UnhandledException' error.
    at yh.xb (file:///usr/lib/code/out/vs/code/electron-utility/sharedProcess/sharedProcessMain.js:74:64415)
    at async yh.wb (file:///usr/lib/code/out/vs/code/electron-utility/sharedProcess/sharedProcessMain.js:74:62886)
2025-06-04 10:33:39.339 [info] Getting Manifest... mhutchie.git-graph
2025-06-04 10:33:39.525 [info] Installing extension: mhutchie.git-graph {"isMachineScoped":false,"installPreReleaseVersion":false,"pinned":false,"donotVerifySignature":true,"profileLocation":{"$mid":1,"external":"vscode-userdata:/home/alecjtaylor/.vscode-oss/extensions/extensions.json","path":"/home/alecjtaylor/.vscode-oss/extensions/extensions.json","scheme":"vscode-userdata"},"isApplicationScoped":false,"productVersion":{"version":"1.100.2","date":"2025-05-21T09:36:24.436Z"}}
2025-06-04 10:33:40.224 [info] Extracted extension to file:///home/alecjtaylor/.vscode-oss/extensions/mhutchie.git-graph-1.30.0-universal: mhutchie.git-graph
2025-06-04 10:33:40.251 [info] Renamed to /home/alecjtaylor/.vscode-oss/extensions/mhutchie.git-graph-1.30.0-universal
2025-06-04 10:33:40.332 [info] Extension installed successfully: mhutchie.git-graph vscode-userdata:/home/alecjtaylor/.vscode-oss/extensions/extensions.json
