2025-06-04 21:41:42.080 [info] [main] Log level: Info
2025-06-04 21:41:42.080 [info] [main] Validating found git in: "git"
2025-06-04 21:41:42.080 [info] [main] Using git "2.49.0" from "git"
2025-06-04 21:41:42.080 [info] [Model][doInitialScan] Initial repository scan started
2025-06-04 21:41:42.080 [info] [Model][doInitialScan] Initial repository scan completed - repositories (0), closed repositories (0), parent repositories (0), unsafe repositories (0)
2025-06-04 21:41:59.217 [info] [main] Log level: Info
2025-06-04 21:41:59.217 [info] [main] Validating found git in: "git"
2025-06-04 21:41:59.217 [info] [main] Using git "2.49.0" from "git"
2025-06-04 21:41:59.217 [info] [Model][doInitialScan] Initial repository scan started
2025-06-04 21:41:59.217 [info] > git rev-parse --show-toplevel [30ms]
2025-06-04 21:41:59.243 [info] > git rev-parse --git-dir --git-common-dir [4ms]
2025-06-04 21:41:59.281 [info] [Model][openRepository] Opened repository (path): /home/alecjtaylor/git/arch_config
2025-06-04 21:41:59.281 [info] [Model][openRepository] Opened repository (real path): /home/alecjtaylor/git/arch_config
2025-06-04 21:41:59.311 [info] > git rev-parse --show-toplevel [7ms]
2025-06-04 21:41:59.313 [info] > git config --get commit.template [17ms]
2025-06-04 21:41:59.356 [info] > git for-each-ref --format=%(refname)%00%(upstream:short)%00%(objectname)%00%(upstream:track)%00%(upstream:remotename)%00%(upstream:remoteref) refs/heads/main refs/remotes/main [12ms]
2025-06-04 21:41:59.357 [info] > git rev-parse --show-toplevel [31ms]
2025-06-04 21:41:59.488 [info] > git rev-parse --show-toplevel [39ms]
2025-06-04 21:41:59.533 [info] > git status -z -uall [15ms]
2025-06-04 21:41:59.535 [info] > git rev-parse --show-toplevel [32ms]
2025-06-04 21:41:59.536 [info] [Model][doInitialScan] Initial repository scan completed - repositories (1), closed repositories (0), parent repositories (0), unsafe repositories (0)
2025-06-04 21:41:59.538 [info] > git for-each-ref --sort -committerdate --format %(refname)%00%(objectname)%00%(*objectname) [9ms]
2025-06-04 21:41:59.616 [info] > git for-each-ref --format=%(refname)%00%(upstream:short)%00%(objectname)%00%(upstream:track)%00%(upstream:remotename)%00%(upstream:remoteref) refs/heads/main refs/remotes/main [15ms]
2025-06-04 21:41:59.634 [info] > git config --get --local branch.main.vscode-merge-base [5ms]
2025-06-04 21:41:59.634 [warning] [Git][config] git config failed: Failed to execute git
2025-06-04 21:41:59.644 [info] > git config --get commit.template [29ms]
2025-06-04 21:41:59.713 [info] > git reflog main --grep-reflog=branch: Created from *. [69ms]
2025-06-04 21:41:59.729 [info] > git symbolic-ref --short refs/remotes/origin/HEAD [8ms]
2025-06-04 21:41:59.737 [info] > git for-each-ref --format=%(refname)%00%(upstream:short)%00%(objectname)%00%(upstream:track)%00%(upstream:remotename)%00%(upstream:remoteref) refs/heads/main refs/remotes/main [30ms]
2025-06-04 21:41:59.742 [info] > git for-each-ref --format=%(refname)%00%(upstream:short)%00%(objectname)%00%(upstream:track)%00%(upstream:remotename)%00%(upstream:remoteref) refs/heads/origin/main refs/remotes/origin/main [5ms]
2025-06-04 21:41:59.773 [info] > git status -z -uall [13ms]
2025-06-04 21:41:59.774 [info] > git config --add --local branch.main.vscode-merge-base origin/main [23ms]
2025-06-04 21:41:59.775 [info] > git for-each-ref --sort -committerdate --format %(refname)%00%(objectname)%00%(*objectname) [5ms] (cancelled)
2025-06-04 21:41:59.801 [info] > git for-each-ref --format=%(refname)%00%(upstream:short)%00%(objectname)%00%(upstream:track)%00%(upstream:remotename)%00%(upstream:remoteref) refs/heads/main refs/remotes/main [16ms]
2025-06-04 21:41:59.814 [info] > git config --get --local branch.main.vscode-merge-base [2ms]
2025-06-04 21:41:59.824 [info] > git config --get commit.template [25ms]
2025-06-04 21:41:59.837 [info] > git for-each-ref --format=%(refname)%00%(upstream:short)%00%(objectname)%00%(upstream:track)%00%(upstream:remotename)%00%(upstream:remoteref) refs/heads/origin/main refs/remotes/origin/main [13ms]
2025-06-04 21:41:59.871 [info] > git check-ignore -v -z --stdin [6ms]
2025-06-04 21:41:59.872 [info] > git merge-base refs/heads/main refs/remotes/origin/main [22ms]
2025-06-04 21:41:59.885 [info] > git for-each-ref --format=%(refname)%00%(upstream:short)%00%(objectname)%00%(upstream:track)%00%(upstream:remotename)%00%(upstream:remoteref) refs/heads/main refs/remotes/main [50ms]
2025-06-04 21:41:59.889 [info] > git diff --name-status -z --diff-filter=ADMR 64190e4403f531a882cf556b5c1f54833d8bb53d...refs/remotes/origin/main [4ms]
2025-06-04 21:41:59.914 [info] > git status -z -uall [13ms]
2025-06-04 21:41:59.916 [info] > git for-each-ref --sort -committerdate --format %(refname)%00%(objectname)%00%(*objectname) [4ms]
2025-06-04 21:42:01.870 [info] > git log --format=%H%n%aN%n%aE%n%at%n%ct%n%P%n%D%n%B -z --shortstat --diff-merges=first-parent -n50 --skip=0 --topo-order --decorate=full --stdin [569ms]
2025-06-04 21:42:07.733 [info] > git show --textconv :setuptidy.sh [27ms]
2025-06-04 21:42:07.738 [info] > git ls-files --stage -- setuptidy.sh [8ms]
2025-06-04 21:42:07.762 [info] > git cat-file -s 63ecee3b3845db2e99011d070acf2780c08e3746 [4ms]
2025-06-04 21:42:37.056 [info] > git config --get commit.template [17ms]
2025-06-04 21:42:37.059 [info] > git for-each-ref --format=%(refname)%00%(upstream:short)%00%(objectname)%00%(upstream:track)%00%(upstream:remotename)%00%(upstream:remoteref) refs/heads/main refs/remotes/main [6ms]
2025-06-04 21:42:37.092 [info] > git status -z -uall [18ms]
2025-06-04 21:42:37.095 [info] > git for-each-ref --sort -committerdate --format %(refname)%00%(objectname)%00%(*objectname) [6ms]
2025-06-04 21:44:23.728 [info] > git blame --root --incremental 64190e4403f531a882cf556b5c1f54833d8bb53d -- setuptidy.sh [12ms]
2025-06-04 21:46:28.972 [info] > git config --get commit.template [4ms]
2025-06-04 21:46:28.989 [info] > git for-each-ref --format=%(refname)%00%(upstream:short)%00%(objectname)%00%(upstream:track)%00%(upstream:remotename)%00%(upstream:remoteref) refs/heads/main refs/remotes/main [5ms]
2025-06-04 21:46:29.018 [info] > git status -z -uall [15ms]
2025-06-04 21:46:29.020 [info] > git for-each-ref --sort -committerdate --format %(refname)%00%(objectname)%00%(*objectname) [4ms]
2025-06-04 21:53:57.040 [info] > git config --get commit.template [17ms]
2025-06-04 21:53:57.041 [info] > git for-each-ref --format=%(refname)%00%(upstream:short)%00%(objectname)%00%(upstream:track)%00%(upstream:remotename)%00%(upstream:remoteref) refs/heads/main refs/remotes/main [5ms]
2025-06-04 21:53:57.075 [info] > git status -z -uall [18ms]
2025-06-04 21:53:57.078 [info] > git for-each-ref --sort -committerdate --format %(refname)%00%(objectname)%00%(*objectname) [5ms]
2025-06-04 22:00:35.048 [info] > git config --get commit.template [15ms]
2025-06-04 22:00:35.050 [info] > git for-each-ref --format=%(refname)%00%(upstream:short)%00%(objectname)%00%(upstream:track)%00%(upstream:remotename)%00%(upstream:remoteref) refs/heads/main refs/remotes/main [4ms]
2025-06-04 22:00:35.080 [info] > git status -z -uall [15ms]
2025-06-04 22:00:35.083 [info] > git for-each-ref --sort -committerdate --format %(refname)%00%(objectname)%00%(*objectname) [4ms]
2025-06-04 22:08:53.611 [info] > git config --get commit.template [17ms]
2025-06-04 22:08:53.614 [info] > git for-each-ref --format=%(refname)%00%(upstream:short)%00%(objectname)%00%(upstream:track)%00%(upstream:remotename)%00%(upstream:remoteref) refs/heads/main refs/remotes/main [5ms]
2025-06-04 22:08:53.647 [info] > git status -z -uall [17ms]
2025-06-04 22:08:53.651 [info] > git for-each-ref --sort -committerdate --format %(refname)%00%(objectname)%00%(*objectname) [5ms]
2025-06-04 22:10:19.003 [info] > git config --get commit.template [15ms]
2025-06-04 22:10:19.005 [info] > git for-each-ref --format=%(refname)%00%(upstream:short)%00%(objectname)%00%(upstream:track)%00%(upstream:remotename)%00%(upstream:remoteref) refs/heads/main refs/remotes/main [4ms]
2025-06-04 22:10:19.034 [info] > git status -z -uall [15ms]
2025-06-04 22:10:19.037 [info] > git for-each-ref --sort -committerdate --format %(refname)%00%(objectname)%00%(*objectname) [4ms]
2025-06-04 22:10:24.123 [info] > git check-ignore -v -z --stdin [5ms]
2025-06-04 22:10:35.382 [info] > git show --textconv :setuptidy.sh [28ms]
2025-06-04 22:10:35.386 [info] > git ls-files --stage -- setuptidy.sh [5ms]
2025-06-04 22:10:35.411 [info] > git cat-file -s 63ecee3b3845db2e99011d070acf2780c08e3746 [7ms]
2025-06-04 22:18:05.380 [info] > git config --get commit.template [16ms]
2025-06-04 22:18:05.382 [info] > git for-each-ref --format=%(refname)%00%(upstream:short)%00%(objectname)%00%(upstream:track)%00%(upstream:remotename)%00%(upstream:remoteref) refs/heads/main refs/remotes/main [4ms]
2025-06-04 22:18:05.414 [info] > git status -z -uall [17ms]
2025-06-04 22:18:05.418 [info] > git for-each-ref --sort -committerdate --format %(refname)%00%(objectname)%00%(*objectname) [5ms]
2025-06-04 22:22:21.505 [info] > git config --get commit.template [15ms]
2025-06-04 22:22:21.508 [info] > git for-each-ref --format=%(refname)%00%(upstream:short)%00%(objectname)%00%(upstream:track)%00%(upstream:remotename)%00%(upstream:remoteref) refs/heads/main refs/remotes/main [5ms]
2025-06-04 22:22:21.542 [info] > git status -z -uall [18ms]
2025-06-04 22:22:21.545 [info] > git for-each-ref --sort -committerdate --format %(refname)%00%(objectname)%00%(*objectname) [5ms]
2025-06-04 22:22:37.433 [info] > git config --get commit.template [17ms]
2025-06-04 22:22:37.437 [info] > git for-each-ref --format=%(refname)%00%(upstream:short)%00%(objectname)%00%(upstream:track)%00%(upstream:remotename)%00%(upstream:remoteref) refs/heads/main refs/remotes/main [5ms]
2025-06-04 22:22:37.469 [info] > git status -z -uall [17ms]
2025-06-04 22:22:37.473 [info] > git for-each-ref --sort -committerdate --format %(refname)%00%(objectname)%00%(*objectname) [4ms]
2025-06-04 22:22:45.754 [info] > git config --get commit.template [16ms]
2025-06-04 22:22:45.757 [info] > git for-each-ref --format=%(refname)%00%(upstream:short)%00%(objectname)%00%(upstream:track)%00%(upstream:remotename)%00%(upstream:remoteref) refs/heads/main refs/remotes/main [4ms]
2025-06-04 22:22:45.788 [info] > git status -z -uall [16ms]
2025-06-04 22:22:45.792 [info] > git for-each-ref --sort -committerdate --format %(refname)%00%(objectname)%00%(*objectname) [5ms]
2025-06-04 22:34:10.642 [info] > git config --get commit.template [17ms]
2025-06-04 22:34:10.646 [info] > git for-each-ref --format=%(refname)%00%(upstream:short)%00%(objectname)%00%(upstream:track)%00%(upstream:remotename)%00%(upstream:remoteref) refs/heads/main refs/remotes/main [5ms]
2025-06-04 22:34:10.678 [info] > git status -z -uall [17ms]
2025-06-04 22:34:10.682 [info] > git for-each-ref --sort -committerdate --format %(refname)%00%(objectname)%00%(*objectname) [4ms]
2025-06-04 22:34:19.551 [info] > git check-ignore -v -z --stdin [3ms]
2025-06-04 22:34:20.680 [info] > git check-ignore -v -z --stdin [3ms]
2025-06-04 22:34:21.137 [info] > git config --get commit.template [11ms]
2025-06-04 22:34:21.139 [info] > git for-each-ref --format=%(refname)%00%(upstream:short)%00%(objectname)%00%(upstream:track)%00%(upstream:remotename)%00%(upstream:remoteref) refs/heads/main refs/remotes/main [3ms]
2025-06-04 22:34:21.163 [info] > git status -z -uall [13ms]
2025-06-04 22:34:21.165 [info] > git for-each-ref --sort -committerdate --format %(refname)%00%(objectname)%00%(*objectname) [4ms]
2025-06-04 22:34:53.472 [info] > git config --get commit.template [5ms]
2025-06-04 22:34:53.493 [info] > git for-each-ref --format=%(refname)%00%(upstream:short)%00%(objectname)%00%(upstream:track)%00%(upstream:remotename)%00%(upstream:remoteref) refs/heads/main refs/remotes/main [6ms]
2025-06-04 22:34:53.533 [info] > git status -z -uall [22ms]
2025-06-04 22:34:53.534 [info] > git for-each-ref --sort -committerdate --format %(refname)%00%(objectname)%00%(*objectname) [5ms]
2025-06-04 22:35:04.730 [info] > git config --get commit.template [17ms]
2025-06-04 22:35:04.733 [info] > git for-each-ref --format=%(refname)%00%(upstream:short)%00%(objectname)%00%(upstream:track)%00%(upstream:remotename)%00%(upstream:remoteref) refs/heads/main refs/remotes/main [5ms]
2025-06-04 22:35:04.768 [info] > git status -z -uall [20ms]
2025-06-04 22:35:04.770 [info] > git for-each-ref --sort -committerdate --format %(refname)%00%(objectname)%00%(*objectname) [6ms]
2025-06-04 22:35:11.187 [info] > git config --get commit.template [15ms]
2025-06-04 22:35:11.189 [info] > git for-each-ref --format=%(refname)%00%(upstream:short)%00%(objectname)%00%(upstream:track)%00%(upstream:remotename)%00%(upstream:remoteref) refs/heads/main refs/remotes/main [3ms]
2025-06-04 22:35:11.221 [info] > git status -z -uall [18ms]
2025-06-04 22:35:11.224 [info] > git for-each-ref --sort -committerdate --format %(refname)%00%(objectname)%00%(*objectname) [4ms]
2025-06-04 22:35:18.254 [info] > git config --get commit.template [17ms]
2025-06-04 22:35:18.257 [info] > git for-each-ref --format=%(refname)%00%(upstream:short)%00%(objectname)%00%(upstream:track)%00%(upstream:remotename)%00%(upstream:remoteref) refs/heads/main refs/remotes/main [5ms]
2025-06-04 22:35:18.292 [info] > git status -z -uall [19ms]
2025-06-04 22:35:18.295 [info] > git for-each-ref --sort -committerdate --format %(refname)%00%(objectname)%00%(*objectname) [5ms]
2025-06-04 22:35:23.378 [info] > git config --get commit.template [15ms]
2025-06-04 22:35:23.381 [info] > git for-each-ref --format=%(refname)%00%(upstream:short)%00%(objectname)%00%(upstream:track)%00%(upstream:remotename)%00%(upstream:remoteref) refs/heads/main refs/remotes/main [5ms]
2025-06-04 22:35:23.414 [info] > git status -z -uall [17ms]
2025-06-04 22:35:23.417 [info] > git for-each-ref --sort -committerdate --format %(refname)%00%(objectname)%00%(*objectname) [5ms]
2025-06-04 22:35:23.974 [info] > git show --textconv :setuptidy.sh [15ms]
2025-06-04 22:35:23.976 [info] > git ls-files --stage -- setuptidy.sh [4ms]
2025-06-04 22:35:23.992 [info] > git cat-file -s 63ecee3b3845db2e99011d070acf2780c08e3746 [4ms]
2025-06-04 22:35:27.905 [info] > git show --textconv :setuptidy.sh [18ms]
2025-06-04 22:35:27.909 [info] > git ls-files --stage -- setuptidy.sh [6ms]
2025-06-04 22:35:27.928 [info] > git cat-file -s 63ecee3b3845db2e99011d070acf2780c08e3746 [4ms]
2025-06-04 22:35:28.740 [info] > git config --get commit.template [19ms]
2025-06-04 22:35:28.744 [info] > git for-each-ref --format=%(refname)%00%(upstream:short)%00%(objectname)%00%(upstream:track)%00%(upstream:remotename)%00%(upstream:remoteref) refs/heads/main refs/remotes/main [5ms]
2025-06-04 22:35:28.778 [info] > git status -z -uall [17ms]
2025-06-04 22:35:28.782 [info] > git for-each-ref --sort -committerdate --format %(refname)%00%(objectname)%00%(*objectname) [5ms]
2025-06-04 22:35:30.645 [info] > git check-ignore -v -z --stdin [4ms]
2025-06-04 22:35:35.524 [info] > git config --get commit.template [16ms]
2025-06-04 22:35:35.528 [info] > git for-each-ref --format=%(refname)%00%(upstream:short)%00%(objectname)%00%(upstream:track)%00%(upstream:remotename)%00%(upstream:remoteref) refs/heads/main refs/remotes/main [5ms]
2025-06-04 22:35:35.561 [info] > git status -z -uall [20ms]
2025-06-04 22:35:35.564 [info] > git for-each-ref --sort -committerdate --format %(refname)%00%(objectname)%00%(*objectname) [7ms]
2025-06-04 22:35:43.769 [info] > git config --get commit.template [14ms]
2025-06-04 22:35:43.771 [info] > git for-each-ref --format=%(refname)%00%(upstream:short)%00%(objectname)%00%(upstream:track)%00%(upstream:remotename)%00%(upstream:remoteref) refs/heads/main refs/remotes/main [3ms]
2025-06-04 22:35:43.799 [info] > git status -z -uall [14ms]
2025-06-04 22:35:43.802 [info] > git for-each-ref --sort -committerdate --format %(refname)%00%(objectname)%00%(*objectname) [4ms]
2025-06-04 22:37:16.143 [info] > git show --textconv :setuptidy.sh [20ms]
2025-06-04 22:37:16.146 [info] > git ls-files --stage -- setuptidy.sh [5ms]
2025-06-04 22:37:16.164 [info] > git cat-file -s 63ecee3b3845db2e99011d070acf2780c08e3746 [4ms]
2025-06-04 22:37:40.044 [info] > git config --get commit.template [4ms]
2025-06-04 22:37:40.064 [info] > git for-each-ref --format=%(refname)%00%(upstream:short)%00%(objectname)%00%(upstream:track)%00%(upstream:remotename)%00%(upstream:remoteref) refs/heads/main refs/remotes/main [4ms]
2025-06-04 22:37:40.097 [info] > git status -z -uall [18ms]
2025-06-04 22:37:40.100 [info] > git for-each-ref --sort -committerdate --format %(refname)%00%(objectname)%00%(*objectname) [5ms]
2025-06-04 22:50:24.487 [info] > git config --get commit.template [17ms]
2025-06-04 22:50:24.489 [info] > git for-each-ref --format=%(refname)%00%(upstream:short)%00%(objectname)%00%(upstream:track)%00%(upstream:remotename)%00%(upstream:remoteref) refs/heads/main refs/remotes/main [4ms]
2025-06-04 22:50:24.522 [info] > git status -z -uall [17ms]
2025-06-04 22:50:24.525 [info] > git for-each-ref --sort -committerdate --format %(refname)%00%(objectname)%00%(*objectname) [5ms]
2025-06-04 22:50:49.004 [info] > git config --get commit.template [17ms]
2025-06-04 22:50:49.007 [info] > git for-each-ref --format=%(refname)%00%(upstream:short)%00%(objectname)%00%(upstream:track)%00%(upstream:remotename)%00%(upstream:remoteref) refs/heads/main refs/remotes/main [5ms]
2025-06-04 22:50:49.040 [info] > git status -z -uall [17ms]
2025-06-04 22:50:49.044 [info] > git for-each-ref --sort -committerdate --format %(refname)%00%(objectname)%00%(*objectname) [5ms]
2025-06-04 22:50:58.590 [info] > git config --get commit.template [12ms]
2025-06-04 22:50:58.592 [info] > git for-each-ref --format=%(refname)%00%(upstream:short)%00%(objectname)%00%(upstream:track)%00%(upstream:remotename)%00%(upstream:remoteref) refs/heads/main refs/remotes/main [3ms]
2025-06-04 22:50:58.615 [info] > git status -z -uall [12ms]
2025-06-04 22:50:58.618 [info] > git for-each-ref --sort -committerdate --format %(refname)%00%(objectname)%00%(*objectname) [4ms]
2025-06-04 22:51:31.867 [info] > git config --get commit.template [17ms]
2025-06-04 22:51:31.870 [info] > git for-each-ref --format=%(refname)%00%(upstream:short)%00%(objectname)%00%(upstream:track)%00%(upstream:remotename)%00%(upstream:remoteref) refs/heads/main refs/remotes/main [5ms]
2025-06-04 22:51:31.903 [info] > git status -z -uall [17ms]
2025-06-04 22:51:31.906 [info] > git for-each-ref --sort -committerdate --format %(refname)%00%(objectname)%00%(*objectname) [5ms]
2025-06-04 22:52:16.353 [info] > git config --get commit.template [18ms]
2025-06-04 22:52:16.356 [info] > git for-each-ref --format=%(refname)%00%(upstream:short)%00%(objectname)%00%(upstream:track)%00%(upstream:remotename)%00%(upstream:remoteref) refs/heads/main refs/remotes/main [4ms]
2025-06-04 22:52:16.390 [info] > git status -z -uall [18ms]
2025-06-04 22:52:16.393 [info] > git for-each-ref --sort -committerdate --format %(refname)%00%(objectname)%00%(*objectname) [4ms]
2025-06-04 22:52:27.092 [info] > git for-each-ref --format=%(refname)%00%(upstream:short)%00%(objectname)%00%(upstream:track)%00%(upstream:remotename)%00%(upstream:remoteref) refs/heads/main refs/remotes/main [6ms]
2025-06-04 22:52:27.092 [info] > git config --get commit.template [19ms]
2025-06-04 22:52:27.122 [info] > git status -z -uall [15ms]
2025-06-04 22:52:27.125 [info] > git for-each-ref --sort -committerdate --format %(refname)%00%(objectname)%00%(*objectname) [5ms]
2025-06-04 22:54:10.083 [info] > git config --get commit.template [17ms]
2025-06-04 22:54:10.085 [info] > git for-each-ref --format=%(refname)%00%(upstream:short)%00%(objectname)%00%(upstream:track)%00%(upstream:remotename)%00%(upstream:remoteref) refs/heads/main refs/remotes/main [5ms]
2025-06-04 22:54:10.118 [info] > git status -z -uall [16ms]
2025-06-04 22:54:10.121 [info] > git for-each-ref --sort -committerdate --format %(refname)%00%(objectname)%00%(*objectname) [5ms]
2025-06-04 22:54:27.994 [info] > git config --get commit.template [16ms]
2025-06-04 22:54:27.997 [info] > git for-each-ref --format=%(refname)%00%(upstream:short)%00%(objectname)%00%(upstream:track)%00%(upstream:remotename)%00%(upstream:remoteref) refs/heads/main refs/remotes/main [4ms]
2025-06-04 22:54:28.030 [info] > git status -z -uall [17ms]
2025-06-04 22:54:28.033 [info] > git for-each-ref --sort -committerdate --format %(refname)%00%(objectname)%00%(*objectname) [5ms]
2025-06-04 22:56:53.186 [info] > git config --get commit.template [18ms]
2025-06-04 22:56:53.189 [info] > git for-each-ref --format=%(refname)%00%(upstream:short)%00%(objectname)%00%(upstream:track)%00%(upstream:remotename)%00%(upstream:remoteref) refs/heads/main refs/remotes/main [5ms]
2025-06-04 22:56:53.227 [info] > git status -z -uall [21ms]
2025-06-04 22:56:53.229 [info] > git for-each-ref --sort -committerdate --format %(refname)%00%(objectname)%00%(*objectname) [6ms]
2025-06-04 22:57:36.365 [info] > git config --get commit.template [17ms]
2025-06-04 22:57:36.367 [info] > git for-each-ref --format=%(refname)%00%(upstream:short)%00%(objectname)%00%(upstream:track)%00%(upstream:remotename)%00%(upstream:remoteref) refs/heads/main refs/remotes/main [4ms]
2025-06-04 22:57:36.400 [info] > git status -z -uall [16ms]
2025-06-04 22:57:36.403 [info] > git for-each-ref --sort -committerdate --format %(refname)%00%(objectname)%00%(*objectname) [5ms]
2025-06-04 22:57:38.729 [info] > git show --textconv :setuptidy.sh [21ms]
2025-06-04 22:57:38.741 [info] > git ls-files --stage -- setuptidy.sh [13ms]
2025-06-04 22:57:38.765 [info] > git cat-file -s 63ecee3b3845db2e99011d070acf2780c08e3746 [5ms]
2025-06-04 22:57:40.562 [info] > git show --textconv :setuptidy.sh [20ms]
2025-06-04 22:57:40.565 [info] > git ls-files --stage -- setuptidy.sh [5ms]
2025-06-04 22:57:40.585 [info] > git cat-file -s 63ecee3b3845db2e99011d070acf2780c08e3746 [5ms]
2025-06-04 22:57:41.448 [info] > git config --get commit.template [18ms]
2025-06-04 22:57:41.450 [info] > git for-each-ref --format=%(refname)%00%(upstream:short)%00%(objectname)%00%(upstream:track)%00%(upstream:remotename)%00%(upstream:remoteref) refs/heads/main refs/remotes/main [4ms]
2025-06-04 22:57:41.489 [info] > git status -z -uall [22ms]
2025-06-04 22:57:41.491 [info] > git for-each-ref --sort -committerdate --format %(refname)%00%(objectname)%00%(*objectname) [6ms]
2025-06-04 22:57:46.530 [info] > git config --get commit.template [15ms]
2025-06-04 22:57:46.532 [info] > git for-each-ref --format=%(refname)%00%(upstream:short)%00%(objectname)%00%(upstream:track)%00%(upstream:remotename)%00%(upstream:remoteref) refs/heads/main refs/remotes/main [4ms]
2025-06-04 22:57:46.561 [info] > git status -z -uall [15ms]
2025-06-04 22:57:46.564 [info] > git for-each-ref --sort -committerdate --format %(refname)%00%(objectname)%00%(*objectname) [4ms]
2025-06-04 22:57:52.706 [info] > git show --textconv :setuptidy.sh [21ms]
2025-06-04 22:57:52.710 [info] > git ls-files --stage -- setuptidy.sh [7ms]
2025-06-04 22:57:52.733 [info] > git cat-file -s 63ecee3b3845db2e99011d070acf2780c08e3746 [5ms]
2025-06-04 22:59:40.519 [info] > git config --get commit.template [17ms]
2025-06-04 22:59:40.522 [info] > git for-each-ref --format=%(refname)%00%(upstream:short)%00%(objectname)%00%(upstream:track)%00%(upstream:remotename)%00%(upstream:remoteref) refs/heads/main refs/remotes/main [5ms]
2025-06-04 22:59:40.557 [info] > git status -z -uall [18ms]
2025-06-04 22:59:40.562 [info] > git for-each-ref --sort -committerdate --format %(refname)%00%(objectname)%00%(*objectname) [6ms]
2025-06-04 23:00:21.313 [info] > git config --get commit.template [20ms]
2025-06-04 23:00:21.317 [info] > git for-each-ref --format=%(refname)%00%(upstream:short)%00%(objectname)%00%(upstream:track)%00%(upstream:remotename)%00%(upstream:remoteref) refs/heads/main refs/remotes/main [6ms]
2025-06-04 23:00:21.357 [info] > git status -z -uall [20ms]
2025-06-04 23:00:21.362 [info] > git for-each-ref --sort -committerdate --format %(refname)%00%(objectname)%00%(*objectname) [7ms]
2025-06-04 23:00:26.409 [info] > git config --get commit.template [19ms]
2025-06-04 23:00:26.412 [info] > git for-each-ref --format=%(refname)%00%(upstream:short)%00%(objectname)%00%(upstream:track)%00%(upstream:remotename)%00%(upstream:remoteref) refs/heads/main refs/remotes/main [5ms]
2025-06-04 23:00:26.446 [info] > git status -z -uall [18ms]
2025-06-04 23:00:26.449 [info] > git for-each-ref --sort -committerdate --format %(refname)%00%(objectname)%00%(*objectname) [5ms]
2025-06-04 23:00:48.803 [info] > git config --get commit.template [4ms]
2025-06-04 23:00:48.824 [info] > git for-each-ref --format=%(refname)%00%(upstream:short)%00%(objectname)%00%(upstream:track)%00%(upstream:remotename)%00%(upstream:remoteref) refs/heads/main refs/remotes/main [4ms]
2025-06-04 23:00:48.857 [info] > git status -z -uall [17ms]
2025-06-04 23:00:48.860 [info] > git for-each-ref --sort -committerdate --format %(refname)%00%(objectname)%00%(*objectname) [4ms]
2025-06-04 23:05:26.005 [info] > git config --get commit.template [16ms]
2025-06-04 23:05:26.008 [info] > git for-each-ref --format=%(refname)%00%(upstream:short)%00%(objectname)%00%(upstream:track)%00%(upstream:remotename)%00%(upstream:remoteref) refs/heads/main refs/remotes/main [4ms]
2025-06-04 23:05:26.041 [info] > git status -z -uall [17ms]
2025-06-04 23:05:26.045 [info] > git for-each-ref --sort -committerdate --format %(refname)%00%(objectname)%00%(*objectname) [4ms]
2025-06-04 23:07:20.383 [info] > git config --get commit.template [18ms]
2025-06-04 23:07:20.386 [info] > git for-each-ref --format=%(refname)%00%(upstream:short)%00%(objectname)%00%(upstream:track)%00%(upstream:remotename)%00%(upstream:remoteref) refs/heads/main refs/remotes/main [5ms]
2025-06-04 23:07:20.420 [info] > git status -z -uall [18ms]
2025-06-04 23:07:20.423 [info] > git for-each-ref --sort -committerdate --format %(refname)%00%(objectname)%00%(*objectname) [4ms]
2025-06-04 23:17:41.283 [info] > git config --get commit.template [18ms]
2025-06-04 23:17:41.286 [info] > git for-each-ref --format=%(refname)%00%(upstream:short)%00%(objectname)%00%(upstream:track)%00%(upstream:remotename)%00%(upstream:remoteref) refs/heads/main refs/remotes/main [5ms]
2025-06-04 23:17:41.320 [info] > git status -z -uall [18ms]
2025-06-04 23:17:41.323 [info] > git for-each-ref --sort -committerdate --format %(refname)%00%(objectname)%00%(*objectname) [5ms]
2025-06-04 23:20:36.977 [info] > git config --get commit.template [19ms]
2025-06-04 23:20:36.979 [info] > git for-each-ref --format=%(refname)%00%(upstream:short)%00%(objectname)%00%(upstream:track)%00%(upstream:remotename)%00%(upstream:remoteref) refs/heads/main refs/remotes/main [4ms]
2025-06-04 23:20:37.014 [info] > git status -z -uall [18ms]
2025-06-04 23:20:37.018 [info] > git for-each-ref --sort -committerdate --format %(refname)%00%(objectname)%00%(*objectname) [5ms]
2025-06-04 23:23:45.469 [info] > git config --get commit.template [18ms]
2025-06-04 23:23:45.471 [info] > git for-each-ref --format=%(refname)%00%(upstream:short)%00%(objectname)%00%(upstream:track)%00%(upstream:remotename)%00%(upstream:remoteref) refs/heads/main refs/remotes/main [4ms]
2025-06-04 23:23:45.510 [info] > git status -z -uall [20ms]
2025-06-04 23:23:45.514 [info] > git for-each-ref --sort -committerdate --format %(refname)%00%(objectname)%00%(*objectname) [6ms]
2025-06-04 23:28:17.028 [info] > git config --get commit.template [3ms]
2025-06-04 23:28:17.046 [info] > git for-each-ref --format=%(refname)%00%(upstream:short)%00%(objectname)%00%(upstream:track)%00%(upstream:remotename)%00%(upstream:remoteref) refs/heads/main refs/remotes/main [5ms]
2025-06-04 23:28:17.074 [info] > git status -z -uall [15ms]
2025-06-04 23:28:17.077 [info] > git for-each-ref --sort -committerdate --format %(refname)%00%(objectname)%00%(*objectname) [4ms]
2025-06-04 23:30:21.230 [info] > git config --get commit.template [4ms]
2025-06-04 23:30:21.249 [info] > git for-each-ref --format=%(refname)%00%(upstream:short)%00%(objectname)%00%(upstream:track)%00%(upstream:remotename)%00%(upstream:remoteref) refs/heads/main refs/remotes/main [4ms]
2025-06-04 23:30:21.283 [info] > git status -z -uall [18ms]
2025-06-04 23:30:21.287 [info] > git for-each-ref --sort -committerdate --format %(refname)%00%(objectname)%00%(*objectname) [5ms]
2025-06-04 23:33:09.399 [info] > git config --get commit.template [23ms]
2025-06-04 23:33:09.403 [info] > git for-each-ref --format=%(refname)%00%(upstream:short)%00%(objectname)%00%(upstream:track)%00%(upstream:remotename)%00%(upstream:remoteref) refs/heads/main refs/remotes/main [6ms]
2025-06-04 23:33:09.450 [info] > git status -z -uall [26ms]
2025-06-04 23:33:09.453 [info] > git for-each-ref --sort -committerdate --format %(refname)%00%(objectname)%00%(*objectname) [5ms]
2025-06-04 23:43:46.615 [info] > git config --get commit.template [4ms]
2025-06-04 23:43:46.641 [info] > git for-each-ref --format=%(refname)%00%(upstream:short)%00%(objectname)%00%(upstream:track)%00%(upstream:remotename)%00%(upstream:remoteref) refs/heads/main refs/remotes/main [5ms]
2025-06-04 23:43:46.678 [info] > git status -z -uall [21ms]
2025-06-04 23:43:46.682 [info] > git for-each-ref --sort -committerdate --format %(refname)%00%(objectname)%00%(*objectname) [5ms]
2025-06-04 23:52:05.116 [info] > git config --get commit.template [18ms]
2025-06-04 23:52:05.120 [info] > git for-each-ref --format=%(refname)%00%(upstream:short)%00%(objectname)%00%(upstream:track)%00%(upstream:remotename)%00%(upstream:remoteref) refs/heads/main refs/remotes/main [6ms]
2025-06-04 23:52:05.154 [info] > git status -z -uall [17ms]
2025-06-04 23:52:05.157 [info] > git for-each-ref --sort -committerdate --format %(refname)%00%(objectname)%00%(*objectname) [5ms]
2025-06-04 23:54:57.415 [info] > git config --get commit.template [17ms]
2025-06-04 23:54:57.419 [info] > git for-each-ref --format=%(refname)%00%(upstream:short)%00%(objectname)%00%(upstream:track)%00%(upstream:remotename)%00%(upstream:remoteref) refs/heads/main refs/remotes/main [5ms]
2025-06-04 23:54:57.453 [info] > git status -z -uall [18ms]
2025-06-04 23:54:57.457 [info] > git for-each-ref --sort -committerdate --format %(refname)%00%(objectname)%00%(*objectname) [6ms]
2025-06-04 23:57:42.968 [info] > git config --get commit.template [17ms]
2025-06-04 23:57:42.971 [info] > git for-each-ref --format=%(refname)%00%(upstream:short)%00%(objectname)%00%(upstream:track)%00%(upstream:remotename)%00%(upstream:remoteref) refs/heads/main refs/remotes/main [5ms]
2025-06-04 23:57:43.005 [info] > git status -z -uall [17ms]
2025-06-04 23:57:43.010 [info] > git for-each-ref --sort -committerdate --format %(refname)%00%(objectname)%00%(*objectname) [7ms]
2025-06-04 23:59:40.601 [info] > git config --get commit.template [14ms]
2025-06-04 23:59:40.603 [info] > git for-each-ref --format=%(refname)%00%(upstream:short)%00%(objectname)%00%(upstream:track)%00%(upstream:remotename)%00%(upstream:remoteref) refs/heads/main refs/remotes/main [4ms]
2025-06-04 23:59:40.640 [info] > git status -z -uall [17ms]
2025-06-04 23:59:40.644 [info] > git for-each-ref --sort -committerdate --format %(refname)%00%(objectname)%00%(*objectname) [6ms]
2025-06-04 23:59:48.423 [info] > git config --get commit.template [30ms]
2025-06-04 23:59:48.428 [info] > git for-each-ref --format=%(refname)%00%(upstream:short)%00%(objectname)%00%(upstream:track)%00%(upstream:remotename)%00%(upstream:remoteref) refs/heads/main refs/remotes/main [8ms]
2025-06-04 23:59:48.472 [info] > git status -z -uall [22ms]
2025-06-04 23:59:48.477 [info] > git for-each-ref --sort -committerdate --format %(refname)%00%(objectname)%00%(*objectname) [6ms]
2025-06-05 00:06:52.757 [info] > git config --get commit.template [22ms]
2025-06-05 00:06:52.759 [info] > git for-each-ref --format=%(refname)%00%(upstream:short)%00%(objectname)%00%(upstream:track)%00%(upstream:remotename)%00%(upstream:remoteref) refs/heads/main refs/remotes/main [6ms]
2025-06-05 00:06:52.799 [info] > git status -z -uall [21ms]
2025-06-05 00:06:52.803 [info] > git for-each-ref --sort -committerdate --format %(refname)%00%(objectname)%00%(*objectname) [5ms]
2025-06-05 00:06:57.843 [info] > git config --get commit.template [16ms]
2025-06-05 00:06:57.845 [info] > git for-each-ref --format=%(refname)%00%(upstream:short)%00%(objectname)%00%(upstream:track)%00%(upstream:remotename)%00%(upstream:remoteref) refs/heads/main refs/remotes/main [5ms]
2025-06-05 00:06:57.876 [info] > git status -z -uall [16ms]
2025-06-05 00:06:57.879 [info] > git for-each-ref --sort -committerdate --format %(refname)%00%(objectname)%00%(*objectname) [4ms]
2025-06-05 00:09:35.458 [info] > git log --format=%H%n%aN%n%aE%n%at%n%ct%n%P%n%D%n%B -z --shortstat --diff-merges=first-parent -n50 --skip=0 --topo-order --decorate=full --stdin [317ms]
2025-06-05 00:09:38.554 [info] > git add -A -- setuptidy.sh base/stow.config [10ms]
2025-06-05 00:09:38.588 [info] > git config --get commit.template [16ms]
2025-06-05 00:09:38.591 [info] > git for-each-ref --format=%(refname)%00%(upstream:short)%00%(objectname)%00%(upstream:track)%00%(upstream:remotename)%00%(upstream:remoteref) refs/heads/main refs/remotes/main [5ms]
2025-06-05 00:09:38.624 [info] > git status -z -uall [18ms]
2025-06-05 00:09:38.628 [info] > git for-each-ref --sort -committerdate --format %(refname)%00%(objectname)%00%(*objectname) [5ms]
2025-06-05 00:09:38.975 [info] > git show --textconv HEAD:setuptidy.sh [19ms]
2025-06-05 00:09:38.979 [info] > git ls-tree -l HEAD -- setuptidy.sh [6ms]
2025-06-05 00:09:39.676 [info] > git config --get commit.template [18ms]
2025-06-05 00:09:39.679 [info] > git for-each-ref --format=%(refname)%00%(upstream:short)%00%(objectname)%00%(upstream:track)%00%(upstream:remotename)%00%(upstream:remoteref) refs/heads/main refs/remotes/main [5ms]
2025-06-05 00:09:39.714 [info] > git status -z -uall [18ms]
2025-06-05 00:09:39.718 [info] > git for-each-ref --sort -committerdate --format %(refname)%00%(objectname)%00%(*objectname) [6ms]
2025-06-05 00:09:39.777 [info] > git ls-files --stage -- setuptidy.sh [18ms]
2025-06-05 00:09:39.794 [info] > git ls-tree -l HEAD -- setuptidy.sh [18ms]
2025-06-05 00:09:39.797 [info] > git cat-file -s 867946ac6ea99207583a47fb98358083d46b5624 [4ms]
2025-06-05 00:09:39.836 [info] > git show --textconv HEAD:setuptidy.sh [21ms]
2025-06-05 00:09:39.840 [info] > git show --textconv :setuptidy.sh [9ms]
2025-06-05 00:09:53.280 [info] > git -c user.useConfigOnly=true commit --quiet --allow-empty-message --file - [21ms]
2025-06-05 00:09:53.303 [info] > git config --get commit.template [3ms]
2025-06-05 00:09:53.336 [info] > git config --get commit.template [9ms]
2025-06-05 00:09:53.357 [info] > git for-each-ref --format=%(refname)%00%(upstream:short)%00%(objectname)%00%(upstream:track)%00%(upstream:remotename)%00%(upstream:remoteref) refs/heads/main refs/remotes/main [6ms]
2025-06-05 00:09:53.395 [info] > git status -z -uall [20ms]
2025-06-05 00:09:53.398 [info] > git for-each-ref --sort -committerdate --format %(refname)%00%(objectname)%00%(*objectname) [7ms]
2025-06-05 00:09:53.445 [info] > git merge-base refs/heads/main refs/remotes/origin/main [8ms]
2025-06-05 00:09:53.457 [info] > git blame --root --incremental a8306e709ad23b48c52a5647dc07575f569138c2 -- setuptidy.sh [34ms]
2025-06-05 00:09:53.462 [info] > git diff --name-status -z --diff-filter=ADMR 64190e4403f531a882cf556b5c1f54833d8bb53d...refs/remotes/origin/main [5ms]
2025-06-05 00:09:53.524 [info] > git config --get commit.template [12ms]
2025-06-05 00:09:53.525 [info] > git for-each-ref --format=%(refname)%00%(upstream:short)%00%(objectname)%00%(upstream:track)%00%(upstream:remotename)%00%(upstream:remoteref) refs/heads/main refs/remotes/main [2ms]
2025-06-05 00:09:53.547 [info] > git status -z -uall [12ms]
2025-06-05 00:09:53.549 [info] > git for-each-ref --sort -committerdate --format %(refname)%00%(objectname)%00%(*objectname) [3ms]
2025-06-05 00:09:53.787 [info] > git log --format=%H%n%aN%n%aE%n%at%n%ct%n%P%n%D%n%B -z --shortstat --diff-merges=first-parent -n50 --skip=0 --topo-order --decorate=full --stdin [304ms]
2025-06-05 00:09:54.518 [info] > git ls-files --stage -- setuptidy.sh [4ms]
2025-06-05 00:09:54.536 [info] > git cat-file -s 867946ac6ea99207583a47fb98358083d46b5624 [4ms]
2025-06-05 00:09:54.558 [info] > git show --textconv :setuptidy.sh [4ms]
2025-06-05 00:10:00.855 [info] > git log --oneline --cherry main...main@{upstream} -- [5ms]
2025-06-05 00:10:02.085 [info] > git ls-files --stage -- setuptidy.sh [4ms]
2025-06-05 00:10:02.108 [info] > git cat-file -s 867946ac6ea99207583a47fb98358083d46b5624 [5ms]
2025-06-05 00:10:02.114 [info] > git pull --tags origin main [1239ms]
2025-06-05 00:10:02.114 [info] From github.com:alecjtaylor/arch_config
 * branch            main       -> FETCH_HEAD
2025-06-05 00:10:02.154 [info] > git show --textconv :setuptidy.sh [6ms]
2025-06-05 00:10:03.374 [info] > git ls-files --stage -- setuptidy.sh [5ms]
2025-06-05 00:10:03.392 [info] > git cat-file -s 867946ac6ea99207583a47fb98358083d46b5624 [4ms]
2025-06-05 00:10:03.416 [info] > git show --textconv :setuptidy.sh [5ms]
2025-06-05 00:10:03.633 [info] > git push origin main:main [1502ms]
2025-06-05 00:10:03.633 [info] To github.com:alecjtaylor/arch_config.git
   64190e4..a8306e7  main -> main
2025-06-05 00:10:03.667 [info] > git config --get commit.template [17ms]
2025-06-05 00:10:03.671 [info] > git for-each-ref --format=%(refname)%00%(upstream:short)%00%(objectname)%00%(upstream:track)%00%(upstream:remotename)%00%(upstream:remoteref) refs/heads/main refs/remotes/main [4ms]
2025-06-05 00:10:03.709 [info] > git status -z -uall [23ms]
2025-06-05 00:10:03.711 [info] > git for-each-ref --sort -committerdate --format %(refname)%00%(objectname)%00%(*objectname) [7ms]
2025-06-05 00:10:03.748 [info] > git merge-base refs/heads/main refs/remotes/origin/main [6ms]
2025-06-05 00:10:03.770 [info] > git diff --name-status -z --diff-filter=ADMR a8306e709ad23b48c52a5647dc07575f569138c2...refs/remotes/origin/main [6ms]
2025-06-05 00:10:04.107 [info] > git log --format=%H%n%aN%n%aE%n%at%n%ct%n%P%n%D%n%B -z --shortstat --diff-merges=first-parent -n50 --skip=0 --topo-order --decorate=full --stdin [303ms]
2025-06-05 00:10:04.782 [info] > git config --get commit.template [18ms]
2025-06-05 00:10:04.786 [info] > git for-each-ref --format=%(refname)%00%(upstream:short)%00%(objectname)%00%(upstream:track)%00%(upstream:remotename)%00%(upstream:remoteref) refs/heads/main refs/remotes/main [6ms]
2025-06-05 00:10:04.820 [info] > git status -z -uall [16ms]
2025-06-05 00:10:04.824 [info] > git for-each-ref --sort -committerdate --format %(refname)%00%(objectname)%00%(*objectname) [6ms]
2025-06-05 00:10:04.870 [info] > git ls-files --stage -- setuptidy.sh [4ms]
2025-06-05 00:10:04.889 [info] > git cat-file -s 867946ac6ea99207583a47fb98358083d46b5624 [5ms]
2025-06-05 00:10:04.912 [info] > git show --textconv :setuptidy.sh [5ms]
