2025-06-06 16:40:10.136 [info] Extension host with pid 9389 started
2025-06-06 16:40:10.136 [info] Skipping acquiring lock for /home/alecjtaylor/.config/Code - OSS/User/workspaceStorage/63e4e3ded7afa511ee0747e2e63816b4.
2025-06-06 16:40:10.439 [info] ExtensionService#_doActivateExtension vscode.emmet, startup: false, activationEvent: 'onLanguage'
2025-06-06 16:40:10.699 [info] ExtensionService#_doActivateExtension vscode.git-base, startup: true, activationEvent: '*', root cause: vscode.git
2025-06-06 16:40:10.770 [info] ExtensionService#_doActivateExtension vscode.git, startup: true, activationEvent: '*'
2025-06-06 16:40:10.876 [info] ExtensionService#_doActivateExtension vscode.github, startup: true, activationEvent: '*'
2025-06-06 16:40:11.004 [info] Eager extensions activated
2025-06-06 16:40:11.067 [info] ExtensionService#_doActivateExtension vscode.debug-auto-launch, startup: false, activationEvent: 'onStartupFinished'
2025-06-06 16:40:11.071 [info] ExtensionService#_doActivateExtension vscode.merge-conflict, startup: false, activationEvent: 'onStartupFinished'
2025-06-06 16:40:11.272 [info] ExtensionService#_doActivateExtension vscode.configuration-editing, startup: false, activationEvent: 'onLanguage:jsonc'
2025-06-06 16:40:11.292 [info] ExtensionService#_doActivateExtension vscode.json-language-features, startup: false, activationEvent: 'onLanguage:jsonc'
2025-06-06 16:40:11.425 [info] ExtensionService#_doActivateExtension vscode.typescript-language-features, startup: false, activationEvent: 'onLanguage:jsonc'
2025-06-06 16:40:11.790 [warning] [Decorations] CAPPING events from decorations provider vscode.git 453
2025-06-06 16:40:12.057 [info] ExtensionService#_doActivateExtension vscode.github-authentication, startup: false, activationEvent: 'onAuthenticationRequest:github'
2025-06-06 16:40:12.601 [warning] [Decorations] CAPPING events from decorations provider vscode.git 454
2025-06-06 16:40:14.498 [warning] [Decorations] CAPPING events from decorations provider vscode.git 454
2025-06-06 16:40:19.988 [warning] [Decorations] CAPPING events from decorations provider vscode.git 454
2025-06-06 16:40:25.568 [warning] [Decorations] CAPPING events from decorations provider vscode.git 454
2025-06-06 16:40:31.154 [warning] [Decorations] CAPPING events from decorations provider vscode.git 454
2025-06-06 16:40:36.506 [warning] [Decorations] CAPPING events from decorations provider vscode.git 455
