2025-06-04 13:46:11.745 [info] Extension host with pid 22310 started
2025-06-04 13:46:12.022 [info] ExtensionService#_doActivateExtension vscode.git-base, startup: true, activationEvent: '*', root cause: vscode.git
2025-06-04 13:46:12.047 [info] ExtensionService#_doActivateExtension mhutchie.git-graph, startup: true, activationEvent: '*'
2025-06-04 13:46:12.332 [info] ExtensionService#_doActivateExtension vscode.git, startup: true, activationEvent: '*'
2025-06-04 13:46:12.581 [info] ExtensionService#_doActivateExtension vscode.github, startup: true, activationEvent: '*'
2025-06-04 13:46:12.850 [info] Eager extensions activated
2025-06-04 13:46:12.900 [info] ExtensionService#_doActivateExtension vscode.debug-auto-launch, startup: false, activationEvent: 'onStartupFinished'
2025-06-04 13:46:12.910 [info] ExtensionService#_doActivateExtension vscode.merge-conflict, startup: false, activationEvent: 'onStartupFinished'
2025-06-04 13:46:27.997 [info] Extension host terminating: renderer closed the MessagePort
2025-06-04 13:46:28.019 [info] Extension host with pid 22310 exiting with code 0
2025-06-04 13:46:32.124 [info] Extension host with pid 22575 started
2025-06-04 13:46:32.124 [info] Skipping acquiring lock for /home/alecjtaylor/.config/Code - OSS/User/workspaceStorage/c2cca88245dcaab07155a2f2554a6e04.
2025-06-04 13:46:32.396 [info] ExtensionService#_doActivateExtension vscode.emmet, startup: false, activationEvent: 'onLanguage'
2025-06-04 13:46:32.776 [info] ExtensionService#_doActivateExtension vscode.git-base, startup: true, activationEvent: '*'
2025-06-04 13:46:32.801 [info] ExtensionService#_doActivateExtension vscode.github, startup: true, activationEvent: '*'
2025-06-04 13:46:32.946 [info] Eager extensions activated
2025-06-04 13:46:32.965 [info] ExtensionService#_doActivateExtension vscode.debug-auto-launch, startup: false, activationEvent: 'onStartupFinished'
2025-06-04 13:46:32.975 [info] ExtensionService#_doActivateExtension vscode.merge-conflict, startup: false, activationEvent: 'onStartupFinished'
2025-06-04 13:46:40.289 [info] ExtensionService#_doActivateExtension vscode.git, startup: false, activationEvent: 'api', root cause: vscode.github
2025-06-04 13:46:40.541 [info] ExtensionService#_doActivateExtension mads-hartmann.bash-ide-vscode, startup: false, activationEvent: 'onLanguage:shellscript'
2025-06-04 13:46:40.709 [info] ExtensionService#_doActivateExtension mhutchie.git-graph, startup: false, activationEvent: '*'
2025-06-04 13:47:33.946 [info] ExtensionService#_doActivateExtension vscode.debug-server-ready, startup: false, activationEvent: 'onDebugResolve'
2025-06-04 13:47:55.698 [info] ExtensionService#_doActivateExtension vscode.npm, startup: false, activationEvent: 'onTerminalQuickFixRequest:ms-vscode.npm-command'
2025-06-04 21:14:53.936 [info] Extension host terminating: renderer closed the MessagePort
2025-06-04 21:14:53.978 [info] Extension host with pid 22575 exiting with code 0
