2025-06-04 21:41:41.328 [info] Extension host with pid 30573 started
2025-06-04 21:41:41.335 [info] ExtensionService#_doActivateExtension vscode.git-base, startup: true, activationEvent: '*', root cause: vscode.git
2025-06-04 21:41:41.353 [info] ExtensionService#_doActivateExtension mhutchie.git-graph, startup: true, activationEvent: '*'
2025-06-04 21:41:41.497 [info] ExtensionService#_doActivateExtension vscode.git, startup: true, activationEvent: '*'
2025-06-04 21:41:41.762 [info] ExtensionService#_doActivateExtension vscode.github, startup: true, activationEvent: '*'
2025-06-04 21:41:42.048 [info] Eager extensions activated
2025-06-04 21:41:42.106 [info] ExtensionService#_doActivateExtension vscode.debug-auto-launch, startup: false, activationEvent: 'onStartupFinished'
2025-06-04 21:41:42.113 [info] ExtensionService#_doActivateExtension vscode.merge-conflict, startup: false, activationEvent: 'onStartupFinished'
2025-06-04 21:41:54.652 [info] Extension host terminating: renderer closed the MessagePort
2025-06-04 21:41:54.677 [info] Extension host with pid 30573 exiting with code 0
2025-06-04 21:41:58.498 [info] Extension host with pid 30628 started
2025-06-04 21:41:58.498 [info] Skipping acquiring lock for /home/alecjtaylor/.config/Code - OSS/User/workspaceStorage/63e4e3ded7afa511ee0747e2e63816b4.
2025-06-04 21:41:58.535 [info] ExtensionService#_doActivateExtension vscode.git-base, startup: true, activationEvent: '*', root cause: vscode.git
2025-06-04 21:41:58.552 [info] ExtensionService#_doActivateExtension mhutchie.git-graph, startup: true, activationEvent: '*'
2025-06-04 21:41:58.729 [info] ExtensionService#_doActivateExtension vscode.git, startup: true, activationEvent: '*'
2025-06-04 21:41:58.908 [info] ExtensionService#_doActivateExtension vscode.github, startup: true, activationEvent: '*'
2025-06-04 21:41:59.107 [info] Eager extensions activated
2025-06-04 21:41:59.162 [info] ExtensionService#_doActivateExtension vscode.debug-auto-launch, startup: false, activationEvent: 'onStartupFinished'
2025-06-04 21:41:59.169 [info] ExtensionService#_doActivateExtension vscode.merge-conflict, startup: false, activationEvent: 'onStartupFinished'
2025-06-04 21:41:59.360 [info] ExtensionService#_doActivateExtension vscode.emmet, startup: false, activationEvent: 'onLanguage'
2025-06-04 21:41:59.646 [info] ExtensionService#_doActivateExtension vscode.github-authentication, startup: false, activationEvent: 'onAuthenticationRequest:github'
2025-06-04 21:42:07.144 [info] ExtensionService#_doActivateExtension mads-hartmann.bash-ide-vscode, startup: false, activationEvent: 'onLanguage:shellscript'
2025-06-04 21:48:02.662 [info] ExtensionService#_doActivateExtension vscode.npm, startup: false, activationEvent: 'onTerminalQuickFixRequest:ms-vscode.npm-command'
2025-06-04 22:35:18.919 [info] ExtensionService#_doActivateExtension vscode.configuration-editing, startup: false, activationEvent: 'onLanguage:json'
2025-06-04 22:35:18.990 [info] ExtensionService#_doActivateExtension vscode.extension-editing, startup: false, activationEvent: 'onLanguage:json'
2025-06-04 22:35:19.068 [info] ExtensionService#_doActivateExtension vscode.json-language-features, startup: false, activationEvent: 'onLanguage:json'
2025-06-04 22:52:25.587 [info] ExtensionService#_doActivateExtension vscode.typescript-language-features, startup: false, activationEvent: 'onLanguage:jsonc'
2025-06-05 00:16:34.398 [info] Extension host terminating: renderer closed the MessagePort
2025-06-05 00:16:34.452 [info] Extension host with pid 30628 exiting with code 0
