2025-06-04 10:32:30.248 [error] Unable to check if shell integration is active [Error: Extension 'ms-python.python' CANNOT use API proposal: terminalDataWriteEvent.
Its package.json#enabledApiProposals-property declares:  but NOT terminalDataWriteEvent.
 The missing proposal MUST be added and you must start in extension development mode or use the following command line switch: --enable-proposed-api ms-python.python
	at N (file:///usr/lib/code/out/vs/workbench/api/node/extensionHostProcess.js:113:30038)
	at a.onDidWriteTerminalData (file:///usr/lib/code/out/vs/workbench/api/node/extensionHostProcess.js:170:39985)
	at new v (/home/alecjtaylor/.vscode-oss/extensions/ms-python.python-2025.4.0-universal/out/client/extension.js:2:878107)
	at ge (/home/alecjtaylor/.vscode-oss/extensions/ms-python.python-2025.4.0-universal/out/client/extension.js:2:1684812)
	at /home/alecjtaylor/.vscode-oss/extensions/ms-python.python-2025.4.0-universal/out/client/extension.js:2:1688176
	at /home/alecjtaylor/.vscode-oss/extensions/ms-python.python-2025.4.0-universal/out/client/extension.js:2:1688204
	at Se (/home/alecjtaylor/.vscode-oss/extensions/ms-python.python-2025.4.0-universal/out/client/extension.js:2:1688271)
	at /home/alecjtaylor/.vscode-oss/extensions/ms-python.python-2025.4.0-universal/out/client/extension.js:2:1688751
	at we (/home/alecjtaylor/.vscode-oss/extensions/ms-python.python-2025.4.0-universal/out/client/extension.js:2:1688692)
	at Pe (/home/alecjtaylor/.vscode-oss/extensions/ms-python.python-2025.4.0-universal/out/client/extension.js:2:1688726)
	at /home/alecjtaylor/.vscode-oss/extensions/ms-python.python-2025.4.0-universal/out/client/extension.js:2:1685965
	at /home/alecjtaylor/.vscode-oss/extensions/ms-python.python-2025.4.0-universal/out/client/extension.js:2:1687570
	at Array.reduce (<anonymous>)
	at /home/alecjtaylor/.vscode-oss/extensions/ms-python.python-2025.4.0-universal/out/client/extension.js:2:1687542
	at /home/alecjtaylor/.vscode-oss/extensions/ms-python.python-2025.4.0-universal/out/client/extension.js:2:1687824
	at /home/alecjtaylor/.vscode-oss/extensions/ms-python.python-2025.4.0-universal/out/client/extension.js:2:1688204
	at Se (/home/alecjtaylor/.vscode-oss/extensions/ms-python.python-2025.4.0-universal/out/client/extension.js:2:1688271)
	at /home/alecjtaylor/.vscode-oss/extensions/ms-python.python-2025.4.0-universal/out/client/extension.js:2:1688751
	at we (/home/alecjtaylor/.vscode-oss/extensions/ms-python.python-2025.4.0-universal/out/client/extension.js:2:1688692)
	at Pe (/home/alecjtaylor/.vscode-oss/extensions/ms-python.python-2025.4.0-universal/out/client/extension.js:2:1688726)
	at /home/alecjtaylor/.vscode-oss/extensions/ms-python.python-2025.4.0-universal/out/client/extension.js:2:1685965
	at /home/alecjtaylor/.vscode-oss/extensions/ms-python.python-2025.4.0-universal/out/client/extension.js:2:1715635
	at /home/alecjtaylor/.vscode-oss/extensions/ms-python.python-2025.4.0-universal/out/client/extension.js:2:1715656
	at e._get (/home/alecjtaylor/.vscode-oss/extensions/ms-python.python-2025.4.0-universal/out/client/extension.js:2:1714669)
	at e._getButThrowIfAsync (/home/alecjtaylor/.vscode-oss/extensions/ms-python.python-2025.4.0-universal/out/client/extension.js:2:1714729)
	at e.get (/home/alecjtaylor/.vscode-oss/extensions/ms-python.python-2025.4.0-universal/out/client/extension.js:2:1710438)
	at e.dynamicValue (/home/alecjtaylor/.vscode-oss/extensions/ms-python.python-2025.4.0-universal/out/client/extension.js:2:1700171)
	at /home/alecjtaylor/.vscode-oss/extensions/ms-python.python-2025.4.0-universal/out/client/extension.js:2:1686348
	at Ee (/home/alecjtaylor/.vscode-oss/extensions/ms-python.python-2025.4.0-universal/out/client/extension.js:2:1686604)
	at Se (/home/alecjtaylor/.vscode-oss/extensions/ms-python.python-2025.4.0-universal/out/client/extension.js:2:1688320)
	at /home/alecjtaylor/.vscode-oss/extensions/ms-python.python-2025.4.0-universal/out/client/extension.js:2:1688751
	at we (/home/alecjtaylor/.vscode-oss/extensions/ms-python.python-2025.4.0-universal/out/client/extension.js:2:1688692)
	at Pe (/home/alecjtaylor/.vscode-oss/extensions/ms-python.python-2025.4.0-universal/out/client/extension.js:2:1688726)
	at /home/alecjtaylor/.vscode-oss/extensions/ms-python.python-2025.4.0-universal/out/client/extension.js:2:1685965
	at /home/alecjtaylor/.vscode-oss/extensions/ms-python.python-2025.4.0-universal/out/client/extension.js:2:1685899
	at Array.map (<anonymous>)
	at /home/alecjtaylor/.vscode-oss/extensions/ms-python.python-2025.4.0-universal/out/client/extension.js:2:1685870
	at /home/alecjtaylor/.vscode-oss/extensions/ms-python.python-2025.4.0-universal/out/client/extension.js:2:1687570
	at Array.reduce (<anonymous>)
	at /home/alecjtaylor/.vscode-oss/extensions/ms-python.python-2025.4.0-universal/out/client/extension.js:2:1687542
	at /home/alecjtaylor/.vscode-oss/extensions/ms-python.python-2025.4.0-universal/out/client/extension.js:2:1687824
	at /home/alecjtaylor/.vscode-oss/extensions/ms-python.python-2025.4.0-universal/out/client/extension.js:2:1688204
	at Se (/home/alecjtaylor/.vscode-oss/extensions/ms-python.python-2025.4.0-universal/out/client/extension.js:2:1688271)
	at /home/alecjtaylor/.vscode-oss/extensions/ms-python.python-2025.4.0-universal/out/client/extension.js:2:1688751
	at we (/home/alecjtaylor/.vscode-oss/extensions/ms-python.python-2025.4.0-universal/out/client/extension.js:2:1688692)
	at Pe (/home/alecjtaylor/.vscode-oss/extensions/ms-python.python-2025.4.0-universal/out/client/extension.js:2:1688726)
	at /home/alecjtaylor/.vscode-oss/extensions/ms-python.python-2025.4.0-universal/out/client/extension.js:2:1685965
	at /home/alecjtaylor/.vscode-oss/extensions/ms-python.python-2025.4.0-universal/out/client/extension.js:2:1715635
	at /home/alecjtaylor/.vscode-oss/extensions/ms-python.python-2025.4.0-universal/out/client/extension.js:2:1715656
	at e._get (/home/alecjtaylor/.vscode-oss/extensions/ms-python.python-2025.4.0-universal/out/client/extension.js:2:1714669)
	at e._getButThrowIfAsync (/home/alecjtaylor/.vscode-oss/extensions/ms-python.python-2025.4.0-universal/out/client/extension.js:2:1714729)
	at e.get (/home/alecjtaylor/.vscode-oss/extensions/ms-python.python-2025.4.0-universal/out/client/extension.js:2:1710438)
	at a.get (/home/alecjtaylor/.vscode-oss/extensions/ms-python.python-2025.4.0-universal/out/client/extension.js:2:536740)
	at /home/alecjtaylor/.vscode-oss/extensions/ms-python.python-2025.4.0-universal/out/client/extension.js:2:451577
	at async t.activateComponents (/home/alecjtaylor/.vscode-oss/extensions/ms-python.python-2025.4.0-universal/out/client/extension.js:2:449857)
	at async /home/alecjtaylor/.vscode-oss/extensions/ms-python.python-2025.4.0-universal/out/client/extension.js:2:2642626
	at async e (/home/alecjtaylor/.vscode-oss/extensions/ms-python.python-2025.4.0-universal/out/client/extension.js:2:2642158)
	at async Nb.n (file:///usr/lib/code/out/vs/workbench/api/node/extensionHostProcess.js:119:13382)
	at async Nb.m (file:///usr/lib/code/out/vs/workbench/api/node/extensionHostProcess.js:119:13345)
	at async Nb.l (file:///usr/lib/code/out/vs/workbench/api/node/extensionHostProcess.js:119:12801)]
2025-06-04 10:32:30.248 [info] Starting Environment refresh
2025-06-04 10:32:30.248 [info] Searching for interpreters in posix paths locator
2025-06-04 10:32:30.248 [info] Searching for pyenv environments
2025-06-04 10:32:30.248 [info] Searching for conda environments
2025-06-04 10:32:30.248 [info] Searching for global virtual environments
2025-06-04 10:32:30.248 [info] Searching for custom virtual environments
2025-06-04 10:32:30.248 [info] pyenv is not installed
2025-06-04 10:32:30.248 [info] Finished searching for pyenv environments: 20 milliseconds
2025-06-04 10:32:30.248 [info] Finished searching for custom virtual envs: 19 milliseconds
2025-06-04 10:32:30.248 [info] > conda info --json
2025-06-04 10:32:30.248 [info] Finished searching for global virtual envs: 37 milliseconds
2025-06-04 10:32:30.250 [info] Found: /bin/python --> /bin/python3.13
2025-06-04 10:32:30.252 [info] Found: /bin/python3 --> /bin/python3.13
2025-06-04 10:32:30.252 [info] Found: /bin/python3.13 --> /bin/python3.13
2025-06-04 10:32:30.294 [info] Found: /sbin/python --> /sbin/python3.13
2025-06-04 10:32:30.295 [info] Found: /sbin/python3 --> /sbin/python3.13
2025-06-04 10:32:30.295 [info] Found: /sbin/python3.13 --> /sbin/python3.13
2025-06-04 10:32:30.301 [info] Found: /usr/bin/python --> /usr/bin/python3.13
2025-06-04 10:32:30.301 [info] Found: /usr/bin/python3 --> /usr/bin/python3.13
2025-06-04 10:32:30.301 [info] Found: /usr/bin/python3.13 --> /usr/bin/python3.13
2025-06-04 10:32:30.334 [info] Found: /usr/sbin/python --> /usr/sbin/python3.13
2025-06-04 10:32:30.334 [info] Found: /usr/sbin/python3 --> /usr/sbin/python3.13
2025-06-04 10:32:30.334 [info] Found: /usr/sbin/python3.13 --> /usr/sbin/python3.13
2025-06-04 10:32:30.356 [info] > /bin/python -I ~/.vscode-oss/extensions/ms-python.python-2025.4.0-universal/python_files/get_output_via_markers.py ~/.vscode-oss/extensions/ms-python.python-2025.4.0-universal/python_files/interpreterInfo.py
2025-06-04 10:32:30.369 [info] > /sbin/python -I ~/.vscode-oss/extensions/ms-python.python-2025.4.0-universal/python_files/get_output_via_markers.py ~/.vscode-oss/extensions/ms-python.python-2025.4.0-universal/python_files/interpreterInfo.py
2025-06-04 10:32:30.376 [info] Finished searching for interpreters in posix paths locator: 179 milliseconds
2025-06-04 10:32:30.383 [info] Environments refresh paths discovered (event): 187 milliseconds
2025-06-04 10:32:30.383 [info] Environments refresh paths discovered: 188 milliseconds
2025-06-04 10:32:30.423 [info] > /usr/bin/python -I ~/.vscode-oss/extensions/ms-python.python-2025.4.0-universal/python_files/get_output_via_markers.py ~/.vscode-oss/extensions/ms-python.python-2025.4.0-universal/python_files/interpreterInfo.py
2025-06-04 10:32:30.434 [info] > /usr/sbin/python -I ~/.vscode-oss/extensions/ms-python.python-2025.4.0-universal/python_files/get_output_via_markers.py ~/.vscode-oss/extensions/ms-python.python-2025.4.0-universal/python_files/interpreterInfo.py
2025-06-04 10:32:30.490 [info] Environments refresh finished (event): 295 milliseconds
2025-06-04 10:32:30.500 [info] Environment refresh took 305 milliseconds
2025-06-04 10:32:30.510 [error] [
  'Failed to activate a workspace, Class name = v, completed in 316ms, has a falsy return value, Arg 1: undefined, Arg 2: {"started":1749029550119}, Return Value: undefined',
  [Error: Extension 'ms-python.python' CANNOT use API proposal: testObserver.
  Its package.json#enabledApiProposals-property declares:  but NOT testObserver.
   The missing proposal MUST be added and you must start in extension development mode or use the following command line switch: --enable-proposed-api ms-python.python
  	at N (file:///usr/lib/code/out/vs/workbench/api/node/extensionHostProcess.js:113:30038)
  	at get testResults (file:///usr/lib/code/out/vs/workbench/api/node/extensionHostProcess.js:170:33198)
  	at C.activate (/home/alecjtaylor/.vscode-oss/extensions/ms-python.python-2025.4.0-universal/out/client/extension.js:2:908659)
  	at /home/alecjtaylor/.vscode-oss/extensions/ms-python.python-2025.4.0-universal/out/client/extension.js:2:2457
  	at Array.map (<anonymous>)
  	at v.activateWorkspace (/home/alecjtaylor/.vscode-oss/extensions/ms-python.python-2025.4.0-universal/out/client/extension.js:2:2447)]
]
2025-06-04 10:32:30.510 [error] Failure during activation. [Error: Extension 'ms-python.python' CANNOT use API proposal: testObserver.
Its package.json#enabledApiProposals-property declares:  but NOT testObserver.
 The missing proposal MUST be added and you must start in extension development mode or use the following command line switch: --enable-proposed-api ms-python.python
	at N (file:///usr/lib/code/out/vs/workbench/api/node/extensionHostProcess.js:113:30038)
	at get testResults (file:///usr/lib/code/out/vs/workbench/api/node/extensionHostProcess.js:170:33198)
	at C.activate (/home/alecjtaylor/.vscode-oss/extensions/ms-python.python-2025.4.0-universal/out/client/extension.js:2:908659)
	at /home/alecjtaylor/.vscode-oss/extensions/ms-python.python-2025.4.0-universal/out/client/extension.js:2:2457
	at Array.map (<anonymous>)
	at v.activateWorkspace (/home/alecjtaylor/.vscode-oss/extensions/ms-python.python-2025.4.0-universal/out/client/extension.js:2:2447)]
2025-06-04 10:32:30.510 [error] sendStartupTelemetry() failed. [Error: Extension 'ms-python.python' CANNOT use API proposal: testObserver.
Its package.json#enabledApiProposals-property declares:  but NOT testObserver.
 The missing proposal MUST be added and you must start in extension development mode or use the following command line switch: --enable-proposed-api ms-python.python
	at N (file:///usr/lib/code/out/vs/workbench/api/node/extensionHostProcess.js:113:30038)
	at get testResults (file:///usr/lib/code/out/vs/workbench/api/node/extensionHostProcess.js:170:33198)
	at C.activate (/home/alecjtaylor/.vscode-oss/extensions/ms-python.python-2025.4.0-universal/out/client/extension.js:2:908659)
	at /home/alecjtaylor/.vscode-oss/extensions/ms-python.python-2025.4.0-universal/out/client/extension.js:2:2457
	at Array.map (<anonymous>)
	at v.activateWorkspace (/home/alecjtaylor/.vscode-oss/extensions/ms-python.python-2025.4.0-universal/out/client/extension.js:2:2447)]
2025-06-04 10:32:30.516 [info] Python interpreter path: /bin/python
2025-06-04 10:32:32.337 [info] Starting Jedi language server for default.
